<?xml version="1.0" encoding="UTF-8"?>
<!-- Generated by org.testng.reporters.JUnitReportReporter -->
<testsuite hostname="LAPTOP-KKII5M2U" failures="0" tests="1" name="restassured.delete" time="3.569" errors="0" timestamp="2021-03-05T02:47:07 CET" skipped="0">
  <testcase classname="restassured.delete" name="deleteuser" time="3.569"/>
  <system-out/>
</testsuite> <!-- restassured.delete -->
