<?xml version="1.0" encoding="UTF-8"?>
<!-- Generated by org.testng.reporters.JUnitReportReporter -->
<testsuite hostname="LAPTOP-KKII5M2U" failures="0" tests="1" name="restassured.GetValidations" time="5.755" errors="0" timestamp="2021-03-05T01:34:26 CET" skipped="0">
  <testcase classname="restassured.GetValidations" name="testpost" time="5.755"/>
  <system-out/>
</testsuite> <!-- restassured.GetValidations -->
